Determining if the pthread_create exist failed with the following output:
Change Dir: /store/wiss/2019/13_robot/panda_control/build/CMakeFiles/CMakeTmp

Run Build Command:"/usr/bin/make" "cmTC_f1b9a/fast"
/usr/bin/make -f CMakeFiles/cmTC_f1b9a.dir/build.make CMakeFiles/cmTC_f1b9a.dir/build
make[1]: Entering directory '/store/wiss/2019/13_robot/panda_control/build/CMakeFiles/CMakeTmp'
Building C object CMakeFiles/cmTC_f1b9a.dir/CheckSymbolExists.c.o
/usr/bin/cc    -o CMakeFiles/cmTC_f1b9a.dir/CheckSymbolExists.c.o   -c /store/wiss/2019/13_robot/panda_control/build/CMakeFiles/CMakeTmp/CheckSymbolExists.c
Linking C executable cmTC_f1b9a
/store/software/cmake/cmake-3.13.2-Linux-x86_64/bin/cmake -E cmake_link_script CMakeFiles/cmTC_f1b9a.dir/link.txt --verbose=1
/usr/bin/cc      CMakeFiles/cmTC_f1b9a.dir/CheckSymbolExists.c.o  -o cmTC_f1b9a 
CMakeFiles/cmTC_f1b9a.dir/CheckSymbolExists.c.o: In function `main':
CheckSymbolExists.c:(.text+0x1b): undefined reference to `pthread_create'
collect2: error: ld returned 1 exit status
CMakeFiles/cmTC_f1b9a.dir/build.make:86: recipe for target 'cmTC_f1b9a' failed
make[1]: *** [cmTC_f1b9a] Error 1
make[1]: Leaving directory '/store/wiss/2019/13_robot/panda_control/build/CMakeFiles/CMakeTmp'
Makefile:121: recipe for target 'cmTC_f1b9a/fast' failed
make: *** [cmTC_f1b9a/fast] Error 2

File /store/wiss/2019/13_robot/panda_control/build/CMakeFiles/CMakeTmp/CheckSymbolExists.c:
/* */
#include <pthread.h>

int main(int argc, char** argv)
{
  (void)argv;
#ifndef pthread_create
  return ((int*)(&pthread_create))[argc];
#else
  (void)argc;
  return 0;
#endif
}

